{"meta": {"format": 3, "version": "7.16.0", "timestamp": "2026-09-08T17:32:43.791188", "branch_coverage": false, "show_contexts": false}, "files": {"catia\\__init__.py": {"executed_lines": [], "summary": {"covered_lines": 0, "num_statements": 0, "percent_covered": 100.0, "percent_covered_display": "100", "missing_lines": 0, "excluded_lines": 0, "percent_statements_covered": 100.0, "percent_statements_covered_display": "100"}, "missing_lines": [], "excluded_lines": [], "functions": {"": {"executed_lines": [], "summary": {"covered_lines": 0, "num_statements": 0, "percent_covered": 100.0, "percent_covered_display": "100", "missing_lines": 0, "excluded_lines": 0, "percent_statements_covered": 100.0, "percent_statements_covered_display": "100"}, "missing_lines": [], "excluded_lines": [], "start_line": 1}}, "classes": {"": {"executed_lines": [], "summary": {"covered_lines": 0, "num_statements": 0, "percent_covered": 100.0, "percent_covered_display": "100", "missing_lines": 0, "excluded_lines": 0, "percent_statements_covered": 100.0, "percent_statements_covered_display": "100"}, "missing_lines": [], "excluded_lines": [], "start_line": 1}}}, "catia\\agent.py": {"executed_lines": [6, 7, 8, 9, 10, 11, 13, 14, 17, 19, 20, 21, 22, 25, 28, 29, 30, 31, 32, 35, 37, 38, 39, 40, 41, 42, 45, 47, 49, 50, 52, 54, 55, 56, 58, 61, 62, 63, 64, 65, 66, 67, 69, 70, 71, 72, 73, 74, 75, 77, 78, 79, 80, 81, 83, 84, 85, 87, 88, 89, 90, 93, 94, 95, 96, 97, 99, 100, 113, 114, 116, 117, 118, 119, 120], "summary": {"covered_lines": 75, "num_statements": 75, "percent_covered": 100.0, "percent_covered_display": "100", "missing_lines": 0, "excluded_lines": 0, "percent_statements_covered": 100.0, "percent_statements_covered_display": "100"}, "missing_lines": [], "excluded_lines": [], "functions": {"redact": {"executed_lines": [19, 20, 21, 22], "summary": {"covered_lines": 4, "num_statements": 4, "percent_covered": 100.0, "percent_covered_display": "100", "missing_lines": 0, "excluded_lines": 0, "percent_statements_covered": 100.0, "percent_statements_covered_display": "100"}, "missing_lines": [], "excluded_lines": [], "start_line": 17}, "priority_for": {"executed_lines": [28, 29, 30, 31, 32], "summary": {"covered_lines": 5, "num_statements": 5, "percent_covered": 100.0, "percent_covered_display": "100", "missing_lines": 0, "excluded_lines": 0, "percent_statements_covered": 100.0, "percent_statements_covered_display": "100"}, "missing_lines": [], "excluded_lines": [], "start_line": 25}, "validate_evidence": {"executed_lines": [37, 38, 39, 40, 41, 42], "summary": {"covered_lines": 6, "num_statements": 6, "percent_covered": 100.0, "percent_covered_display": "100", "missing_lines": 0, "excluded_lines": 0, "percent_statements_covered": 100.0, "percent_statements_covered_display": "100"}, "missing_lines": [], "excluded_lines": [], "start_line": 35}, "Agent.__init__": {"executed_lines": [49, 50], "summary": {"covered_lines": 2, "num_statements": 2, "percent_covered": 100.0, "percent_covered_display": "100", "missing_lines": 0, "excluded_lines": 0, "percent_statements_covered": 100.0, "percent_statements_covered_display": "100"}, "missing_lines": [], "excluded_lines": [], "start_line": 47}, "Agent.run": {"executed_lines": [54, 55, 56, 61, 62, 63, 64, 65, 66, 67, 69, 70, 71, 72, 73, 74, 75, 77, 78, 79, 80, 81, 83, 84, 85, 87, 88, 89, 90, 93, 94, 95, 96, 97, 99, 100, 113, 114, 116, 117, 118, 119, 120], "summary": {"covered_lines": 43, "num_statements": 43, "percent_covered": 100.0, "percent_covered_display": "100", "missing_lines": 0, "excluded_lines": 0, "percent_statements_covered": 100.0, "percent_statements_covered_display": "100"}, "missing_lines": [], "excluded_lines": [], "start_line": 52}, "Agent.run.step": {"executed_lines": [58], "summary": {"covered_lines": 1, "num_statements": 1, "percent_covered": 100.0, "percent_covered_display": "100", "missing_lines": 0, "excluded_lines": 0, "percent_statements_covered": 100.0, "percent_statements_covered_display": "100"}, "missing_lines": [], "excluded_lines": [], "start_line": 56}, "": {"executed_lines": [6, 7, 8, 9, 10, 11, 13, 14, 17, 25, 35, 45, 47, 52], "summary": {"covered_lines": 14, "num_statements": 14, "percent_covered": 100.0, "percent_covered_display": "100", "missing_lines": 0, "excluded_lines": 0, "percent_statements_covered": 100.0, "percent_statements_covered_display": "100"}, "missing_lines": [], "excluded_lines": [], "start_line": 1}}, "classes": {"Agent": {"executed_lines": [49, 50, 54, 55, 56, 58, 61, 62, 63, 64, 65, 66, 67, 69, 70, 71, 72, 73, 74, 75, 77, 78, 79, 80, 81, 83, 84, 85, 87, 88, 89, 90, 93, 94, 95, 96, 97, 99, 100, 113, 114, 116, 117, 118, 119, 120], "summary": {"covered_lines": 46, "num_statements": 46, "percent_covered": 100.0, "percent_covered_display": "100", "missing_lines": 0, "excluded_lines": 0, "percent_statements_covered": 100.0, "percent_statements_covered_display": "100"}, "missing_lines": [], "excluded_lines": [], "start_line": 45}, "": {"executed_lines": [6, 7, 8, 9, 10, 11, 13, 14, 17, 19, 20, 21, 22, 25, 28, 29, 30, 31, 32, 35, 37, 38, 39, 40, 41, 42, 45, 47, 52], "summary": {"covered_lines": 29, "num_statements": 29, "percent_covered": 100.0, "percent_covered_display": "100", "missing_lines": 0, "excluded_lines": 0, "percent_statements_covered": 100.0, "percent_statements_covered_display": "100"}, "missing_lines": [], "excluded_lines": [], "start_line": 1}}}, "catia\\api.py": {"executed_lines": [2, 3, 5, 6, 7, 9, 10, 11, 12, 13, 16, 28, 30, 31, 33, 34, 36, 38, 39, 42, 43, 44, 45, 46, 47, 48, 49, 51, 53, 54, 56, 57, 61, 62, 64, 67, 68, 70, 71, 75, 76, 78, 81, 82, 86], "summary": {"covered_lines": 45, "num_statements": 54, "percent_covered": 83.33333333333333, "percent_covered_display": "83", "missing_lines": 9, "excluded_lines": 0, "percent_statements_covered": 83.33333333333333, "percent_statements_covered_display": "83"}, "missing_lines": [18, 19, 20, 21, 24, 25, 50, 72, 73], "excluded_lines": [], "functions": {"create_agent": {"executed_lines": [], "summary": {"covered_lines": 0, "num_statements": 6, "percent_covered": 0.0, "percent_covered_display": "0", "missing_lines": 6, "excluded_lines": 0, "percent_statements_covered": 0.0, "percent_statements_covered_display": "0"}, "missing_lines": [18, 19, 20, 21, 24, 25], "excluded_lines": [], "start_line": 16}, "create_app": {"executed_lines": [30, 31, 36, 38, 39, 53, 54, 61, 62, 67, 68, 75, 76, 81, 82], "summary": {"covered_lines": 15, "num_statements": 15, "percent_covered": 100.0, "percent_covered_display": "100", "missing_lines": 0, "excluded_lines": 0, "percent_statements_covered": 100.0, "percent_statements_covered_display": "100"}, "missing_lines": [], "excluded_lines": [], "start_line": 28}, "create_app.lifespan": {"executed_lines": [33, 34], "summary": {"covered_lines": 2, "num_statements": 2, "percent_covered": 100.0, "percent_covered_display": "100", "missing_lines": 0, "excluded_lines": 0, "percent_statements_covered": 100.0, "percent_statements_covered_display": "100"}, "missing_lines": [], "excluded_lines": [], "start_line": 31}, "create_app.local_boundary": {"executed_lines": [42, 43, 44, 45, 46, 47, 48, 49, 51], "summary": {"covered_lines": 9, "num_statements": 10, "percent_covered": 90.0, "percent_covered_display": "90", "missing_lines": 1, "excluded_lines": 0, "percent_statements_covered": 90.0, "percent_statements_covered_display": "90"}, "missing_lines": [50], "excluded_lines": [], "start_line": 39}, "create_app.health": {"executed_lines": [56, 57], "summary": {"covered_lines": 2, "num_statements": 2, "percent_covered": 100.0, "percent_covered_display": "100", "missing_lines": 0, "excluded_lines": 0, "percent_statements_covered": 100.0, "percent_statements_covered_display": "100"}, "missing_lines": [], "excluded_lines": [], "start_line": 54}, "create_app.sources": {"executed_lines": [64], "summary": {"covered_lines": 1, "num_statements": 1, "percent_covered": 100.0, "percent_covered_display": "100", "missing_lines": 0, "excluded_lines": 0, "percent_statements_covered": 100.0, "percent_statements_covered_display": "100"}, "missing_lines": [], "excluded_lines": [], "start_line": 62}, "create_app.analyze": {"executed_lines": [70, 71], "summary": {"covered_lines": 2, "num_statements": 4, "percent_covered": 50.0, "percent_covered_display": "50", "missing_lines": 2, "excluded_lines": 0, "percent_statements_covered": 50.0, "percent_statements_covered_display": "50"}, "missing_lines": [72, 73], "excluded_lines": [], "start_line": 68}, "create_app.home": {"executed_lines": [78], "summary": {"covered_lines": 1, "num_statements": 1, "percent_covered": 100.0, "percent_covered_display": "100", "missing_lines": 0, "excluded_lines": 0, "percent_statements_covered": 100.0, "percent_statements_covered_display": "100"}, "missing_lines": [], "excluded_lines": [], "start_line": 76}, "": {"executed_lines": [2, 3, 5, 6, 7, 9, 10, 11, 12, 13, 16, 28, 86], "summary": {"covered_lines": 13, "num_statements": 13, "percent_covered": 100.0, "percent_covered_display": "100", "missing_lines": 0, "excluded_lines": 0, "percent_statements_covered": 100.0, "percent_statements_covered_display": "100"}, "missing_lines": [], "excluded_lines": [], "start_line": 1}}, "classes": {"": {"executed_lines": [2, 3, 5, 6, 7, 9, 10, 11, 12, 13, 16, 28, 30, 31, 33, 34, 36, 38, 39, 42, 43, 44, 45, 46, 47, 48, 49, 51, 53, 54, 56, 57, 61, 62, 64, 67, 68, 70, 71, 75, 76, 78, 81, 82, 86], "summary": {"covered_lines": 45, "num_statements": 54, "percent_covered": 83.33333333333333, "percent_covered_display": "83", "missing_lines": 9, "excluded_lines": 0, "percent_statements_covered": 83.33333333333333, "percent_statements_covered_display": "83"}, "missing_lines": [18, 19, 20, 21, 24, 25, 50, 72, 73], "excluded_lines": [], "start_line": 1}}}, "catia\\config.py": {"executed_lines": [2, 3, 4, 5, 7, 8, 11, 13, 16, 19, 21, 23, 25, 27, 29, 31, 33, 34, 36, 37, 38, 41, 43, 46], "summary": {"covered_lines": 24, "num_statements": 28, "percent_covered": 85.71428571428571, "percent_covered_display": "86", "missing_lines": 4, "excluded_lines": 0, "percent_statements_covered": 85.71428571428571, "percent_statements_covered_display": "86"}, "missing_lines": [48, 49, 50, 51], "excluded_lines": [], "functions": {"RAGConfig.valid_overlap": {"executed_lines": [36, 37, 38], "summary": {"covered_lines": 3, "num_statements": 3, "percent_covered": 100.0, "percent_covered_display": "100", "missing_lines": 0, "excluded_lines": 0, "percent_statements_covered": 100.0, "percent_statements_covered_display": "100"}, "missing_lines": [], "excluded_lines": [], "start_line": 34}, "read_config": {"executed_lines": [43], "summary": {"covered_lines": 1, "num_statements": 1, "percent_covered": 100.0, "percent_covered_display": "100", "missing_lines": 0, "excluded_lines": 0, "percent_statements_covered": 100.0, "percent_statements_covered_display": "100"}, "missing_lines": [], "excluded_lines": [], "start_line": 41}, "provider_name": {"executed_lines": [], "summary": {"covered_lines": 0, "num_statements": 4, "percent_covered": 0.0, "percent_covered_display": "0", "missing_lines": 4, "excluded_lines": 0, "percent_statements_covered": 0.0, "percent_statements_covered_display": "0"}, "missing_lines": [48, 49, 50, 51], "excluded_lines": [], "start_line": 46}, "": {"executed_lines": [2, 3, 4, 5, 7, 8, 11, 13, 16, 19, 21, 23, 25, 27, 29, 31, 33, 34, 41, 46], "summary": {"covered_lines": 20, "num_statements": 20, "percent_covered": 100.0, "percent_covered_display": "100", "missing_lines": 0, "excluded_lines": 0, "percent_statements_covered": 100.0, "percent_statements_covered_display": "100"}, "missing_lines": [], "excluded_lines": [], "start_line": 1}}, "classes": {"RAGConfig": {"executed_lines": [36, 37, 38], "summary": {"covered_lines": 3, "num_statements": 3, "percent_covered": 100.0, "percent_covered_display": "100", "missing_lines": 0, "excluded_lines": 0, "percent_statements_covered": 100.0, "percent_statements_covered_display": "100"}, "missing_lines": [], "excluded_lines": [], "start_line": 16}, "": {"executed_lines": [2, 3, 4, 5, 7, 8, 11, 13, 16, 19, 21, 23, 25, 27, 29, 31, 33, 34, 41, 43, 46], "summary": {"covered_lines": 21, "num_statements": 25, "percent_covered": 84.0, "percent_covered_display": "84", "missing_lines": 4, "excluded_lines": 0, "percent_statements_covered": 84.0, "percent_statements_covered_display": "84"}, "missing_lines": [48, 49, 50, 51], "excluded_lines": [], "start_line": 1}}}, "catia\\generation.py": {"executed_lines": [2, 3, 4, 6, 8, 9, 12, 14, 17, 20, 24, 26, 28, 30, 31, 33, 36, 37, 38, 41, 42, 43, 44, 47, 51, 54, 59, 60, 62, 63, 67, 69, 70, 72, 74, 75, 76, 77, 78, 79, 80, 81, 82, 86, 87, 88, 89, 90, 94], "summary": {"covered_lines": 49, "num_statements": 51, "percent_covered": 96.07843137254902, "percent_covered_display": "96", "missing_lines": 2, "excluded_lines": 0, "percent_statements_covered": 96.07843137254902, "percent_statements_covered_display": "96"}, "missing_lines": [45, 84], "excluded_lines": [], "functions": {"build_messages": {"executed_lines": [14, 17, 20], "summary": {"covered_lines": 3, "num_statements": 3, "percent_covered": 100.0, "percent_covered_display": "100", "missing_lines": 0, "excluded_lines": 0, "percent_statements_covered": 100.0, "percent_statements_covered_display": "100"}, "missing_lines": [], "excluded_lines": [], "start_line": 12}, "OllamaGenerator.__init__": {"executed_lines": [30, 31], "summary": {"covered_lines": 2, "num_statements": 2, "percent_covered": 100.0, "percent_covered_display": "100", "missing_lines": 0, "excluded_lines": 0, "percent_statements_covered": 100.0, "percent_statements_covered_display": "100"}, "missing_lines": [], "excluded_lines": [], "start_line": 28}, "OllamaGenerator.generate": {"executed_lines": [36, 37, 38, 41, 42, 43, 44, 47, 51, 54, 59, 60, 62, 63], "summary": {"covered_lines": 14, "num_statements": 15, "percent_covered": 93.33333333333333, "percent_covered_display": "93", "missing_lines": 1, "excluded_lines": 0, "percent_statements_covered": 93.33333333333333, "percent_statements_covered_display": "93"}, "missing_lines": [45], "excluded_lines": [], "start_line": 33}, "DemoGenerator.generate": {"executed_lines": [74, 75, 76, 77, 78, 79, 80, 81, 82, 86, 87, 88, 89, 90, 94], "summary": {"covered_lines": 15, "num_statements": 16, "percent_covered": 93.75, "percent_covered_display": "94", "missing_lines": 1, "excluded_lines": 0, "percent_statements_covered": 93.75, "percent_statements_covered_display": "94"}, "missing_lines": [84], "excluded_lines": [], "start_line": 72}, "": {"executed_lines": [2, 3, 4, 6, 8, 9, 12, 24, 26, 28, 33, 67, 69, 70, 72], "summary": {"covered_lines": 15, "num_statements": 15, "percent_covered": 100.0, "percent_covered_display": "100", "missing_lines": 0, "excluded_lines": 0, "percent_statements_covered": 100.0, "percent_statements_covered_display": "100"}, "missing_lines": [], "excluded_lines": [], "start_line": 1}}, "classes": {"OllamaGenerator": {"executed_lines": [30, 31, 36, 37, 38, 41, 42, 43, 44, 47, 51, 54, 59, 60, 62, 63], "summary": {"covered_lines": 16, "num_statements": 17, "percent_covered": 94.11764705882354, "percent_covered_display": "94", "missing_lines": 1, "excluded_lines": 0, "percent_statements_covered": 94.11764705882354, "percent_statements_covered_display": "94"}, "missing_lines": [45], "excluded_lines": [], "start_line": 24}, "DemoGenerator": {"executed_lines": [74, 75, 76, 77, 78, 79, 80, 81, 82, 86, 87, 88, 89, 90, 94], "summary": {"covered_lines": 15, "num_statements": 16, "percent_covered": 93.75, "percent_covered_display": "94", "missing_lines": 1, "excluded_lines": 0, "percent_statements_covered": 93.75, "percent_statements_covered_display": "94"}, "missing_lines": [84], "excluded_lines": [], "start_line": 67}, "": {"executed_lines": [2, 3, 4, 6, 8, 9, 12, 14, 17, 20, 24, 26, 28, 33, 67, 69, 70, 72], "summary": {"covered_lines": 18, "num_statements": 18, "percent_covered": 100.0, "percent_covered_display": "100", "missing_lines": 0, "excluded_lines": 0, "percent_statements_covered": 100.0, "percent_statements_covered_display": "100"}, "missing_lines": [], "excluded_lines": [], "start_line": 1}}}, "catia\\retrieval.py": {"executed_lines": [6, 7, 8, 9, 11, 12, 13, 15, 17, 20, 21, 23, 24, 25, 26, 27, 28, 29, 30, 31, 32, 35, 37, 38, 39, 40, 41, 44, 45, 46, 47, 49, 50, 52, 54, 55, 56, 57, 64, 65, 66, 67, 68, 71, 73, 75, 77, 80, 81, 82, 83, 86, 87, 88, 89, 92, 94, 96, 97, 99, 101, 102, 103, 104, 106, 108, 111, 112, 113, 114, 115, 117, 118, 120, 121, 122, 123, 124, 125, 127, 128, 129, 132, 133, 134, 135], "summary": {"covered_lines": 86, "num_statements": 89, "percent_covered": 96.62921348314607, "percent_covered_display": "97", "missing_lines": 3, "excluded_lines": 0, "percent_statements_covered": 96.62921348314607, "percent_statements_covered_display": "97"}, "missing_lines": [42, 51, 84], "excluded_lines": [], "functions": {"load_chunks": {"executed_lines": [37, 38, 39, 40, 41, 44, 45, 46, 47, 49, 50, 52, 54, 55, 56, 57, 64, 65, 66, 67, 68], "summary": {"covered_lines": 21, "num_statements": 23, "percent_covered": 91.30434782608695, "percent_covered_display": "91", "missing_lines": 2, "excluded_lines": 0, "percent_statements_covered": 91.30434782608695, "percent_statements_covered_display": "91"}, "missing_lines": [42, 51], "excluded_lines": [], "start_line": 35}, "OllamaEmbeddings.__init__": {"executed_lines": [75], "summary": {"covered_lines": 1, "num_statements": 1, "percent_covered": 100.0, "percent_covered_display": "100", "missing_lines": 0, "excluded_lines": 0, "percent_statements_covered": 100.0, "percent_statements_covered_display": "100"}, "missing_lines": [], "excluded_lines": [], "start_line": 73}, "OllamaEmbeddings.encode": {"executed_lines": [80, 81, 82, 83, 86, 87, 88, 89], "summary": {"covered_lines": 8, "num_statements": 9, "percent_covered": 88.88888888888889, "percent_covered_display": "89", "missing_lines": 1, "excluded_lines": 0, "percent_statements_covered": 88.88888888888889, "percent_statements_covered_display": "89"}, "missing_lines": [84], "excluded_lines": [], "start_line": 77}, "Retriever.__init__": {"executed_lines": [96, 97, 99, 101, 102, 103, 104, 106], "summary": {"covered_lines": 8, "num_statements": 8, "percent_covered": 100.0, "percent_covered_display": "100", "missing_lines": 0, "excluded_lines": 0, "percent_statements_covered": 100.0, "percent_statements_covered_display": "100"}, "missing_lines": [], "excluded_lines": [], "start_line": 94}, "Retriever.search": {"executed_lines": [111, 112, 113, 114, 115, 117, 118, 120, 121, 122, 123, 124, 125, 127, 128, 129, 132, 133, 134, 135], "summary": {"covered_lines": 20, "num_statements": 20, "percent_covered": 100.0, "percent_covered_display": "100", "missing_lines": 0, "excluded_lines": 0, "percent_statements_covered": 100.0, "percent_statements_covered_display": "100"}, "missing_lines": [], "excluded_lines": [], "start_line": 108}, "": {"executed_lines": [6, 7, 8, 9, 11, 12, 13, 15, 17, 20, 21, 23, 24, 25, 26, 27, 28, 29, 30, 31, 32, 35, 71, 73, 77, 92, 94, 108], "summary": {"covered_lines": 28, "num_statements": 28, "percent_covered": 100.0, "percent_covered_display": "100", "missing_lines": 0, "excluded_lines": 0, "percent_statements_covered": 100.0, "percent_statements_covered_display": "100"}, "missing_lines": [], "excluded_lines": [], "start_line": 1}}, "classes": {"Chunk": {"executed_lines": [], "summary": {"covered_lines": 0, "num_statements": 0, "percent_covered": 100.0, "percent_covered_display": "100", "missing_lines": 0, "excluded_lines": 0, "percent_statements_covered": 100.0, "percent_statements_covered_display": "100"}, "missing_lines": [], "excluded_lines": [], "start_line": 21}, "OllamaEmbeddings": {"executed_lines": [75, 80, 81, 82, 83, 86, 87, 88, 89], "summary": {"covered_lines": 9, "num_statements": 10, "percent_covered": 90.0, "percent_covered_display": "90", "missing_lines": 1, "excluded_lines": 0, "percent_statements_covered": 90.0, "percent_statements_covered_display": "90"}, "missing_lines": [84], "excluded_lines": [], "start_line": 71}, "Retriever": {"executed_lines": [96, 97, 99, 101, 102, 103, 104, 106, 111, 112, 113, 114, 115, 117, 118, 120, 121, 122, 123, 124, 125, 127, 128, 129, 132, 133, 134, 135], "summary": {"covered_lines": 28, "num_statements": 28, "percent_covered": 100.0, "percent_covered_display": "100", "missing_lines": 0, "excluded_lines": 0, "percent_statements_covered": 100.0, "percent_statements_covered_display": "100"}, "missing_lines": [], "excluded_lines": [], "start_line": 92}, "": {"executed_lines": [6, 7, 8, 9, 11, 12, 13, 15, 17, 20, 21, 23, 24, 25, 26, 27, 28, 29, 30, 31, 32, 35, 37, 38, 39, 40, 41, 44, 45, 46, 47, 49, 50, 52, 54, 55, 56, 57, 64, 65, 66, 67, 68, 71, 73, 77, 92, 94, 108], "summary": {"covered_lines": 49, "num_statements": 51, "percent_covered": 96.07843137254902, "percent_covered_display": "96", "missing_lines": 2, "excluded_lines": 0, "percent_statements_covered": 96.07843137254902, "percent_statements_covered_display": "96"}, "missing_lines": [42, 51], "excluded_lines": [], "start_line": 1}}}, "catia\\schemas.py": {"executed_lines": [2, 3, 5, 6, 9, 12, 13, 15, 16, 17, 19, 20, 22, 23, 24, 26, 27, 28, 29, 32, 34, 36, 37, 40, 42, 43, 44, 45, 46, 47, 49], "summary": {"covered_lines": 31, "num_statements": 31, "percent_covered": 100.0, "percent_covered_display": "100", "missing_lines": 0, "excluded_lines": 0, "percent_statements_covered": 100.0, "percent_statements_covered_display": "100"}, "missing_lines": [], "excluded_lines": [], "functions": {"Ticket.nonblank": {"executed_lines": [26, 27, 28, 29], "summary": {"covered_lines": 4, "num_statements": 4, "percent_covered": 100.0, "percent_covered_display": "100", "missing_lines": 0, "excluded_lines": 0, "percent_statements_covered": 100.0, "percent_statements_covered_display": "100"}, "missing_lines": [], "excluded_lines": [], "start_line": 24}, "": {"executed_lines": [2, 3, 5, 6, 9, 12, 13, 15, 16, 17, 19, 20, 22, 23, 24, 32, 34, 36, 37, 40, 42, 43, 44, 45, 46, 47, 49], "summary": {"covered_lines": 27, "num_statements": 27, "percent_covered": 100.0, "percent_covered_display": "100", "missing_lines": 0, "excluded_lines": 0, "percent_statements_covered": 100.0, "percent_statements_covered_display": "100"}, "missing_lines": [], "excluded_lines": [], "start_line": 1}}, "classes": {"Ticket": {"executed_lines": [26, 27, 28, 29], "summary": {"covered_lines": 4, "num_statements": 4, "percent_covered": 100.0, "percent_covered_display": "100", "missing_lines": 0, "excluded_lines": 0, "percent_statements_covered": 100.0, "percent_statements_covered_display": "100"}, "missing_lines": [], "excluded_lines": [], "start_line": 9}, "Evidence": {"executed_lines": [], "summary": {"covered_lines": 0, "num_statements": 0, "percent_covered": 100.0, "percent_covered_display": "100", "missing_lines": 0, "excluded_lines": 0, "percent_statements_covered": 100.0, "percent_statements_covered_display": "100"}, "missing_lines": [], "excluded_lines": [], "start_line": 32}, "Decision": {"executed_lines": [], "summary": {"covered_lines": 0, "num_statements": 0, "percent_covered": 100.0, "percent_covered_display": "100", "missing_lines": 0, "excluded_lines": 0, "percent_statements_covered": 100.0, "percent_statements_covered_display": "100"}, "missing_lines": [], "excluded_lines": [], "start_line": 40}, "": {"executed_lines": [2, 3, 5, 6, 9, 12, 13, 15, 16, 17, 19, 20, 22, 23, 24, 32, 34, 36, 37, 40, 42, 43, 44, 45, 46, 47, 49], "summary": {"covered_lines": 27, "num_statements": 27, "percent_covered": 100.0, "percent_covered_display": "100", "missing_lines": 0, "excluded_lines": 0, "percent_statements_covered": 100.0, "percent_statements_covered_display": "100"}, "missing_lines": [], "excluded_lines": [], "start_line": 1}}}}, "totals": {"covered_lines": 310, "num_statements": 328, "percent_covered": 94.51219512195122, "percent_covered_display": "95", "missing_lines": 18, "excluded_lines": 0, "percent_statements_covered": 94.51219512195122, "percent_statements_covered_display": "95"}}